DEBUG:root:epoch 0; loss val 4898330763.236610
DEBUG:root:epoch 1; loss val 35798979315394063829565440.000000
DEBUG:root:epoch 2; loss val 37995266037051248637640265663122388324533259727183385843472784426352508928.000000
DEBUG:root:epoch 3; loss val 62372919048326223673519099319163652780397152889265840299706000794881345288093305770268022958761276976407613976350004911171225256039781937167106738127291048397957914786810740919112062844204907864012204775239551799001088.000000
DEBUG:root:epoch 4; loss val inf
DEBUG:root:epoch 5; loss val nan
DEBUG:root:epoch 6; loss val nan
DEBUG:root:epoch 7; loss val nan
DEBUG:root:epoch 8; loss val nan
DEBUG:root:epoch 9; loss val nan
DEBUG:root:epoch: 0; loss val: 4887846414.063196
DEBUG:root:epoch: 1; loss val: 35490301407815666208079872.000000
DEBUG:root:epoch: 2; loss val: 37003659501235802232794058342995431035196976894239189645398619481274580992.000000
DEBUG:root:epoch: 3; loss val: 57658790639339123281992490548735254724439933184150176435045216893555127033556522520189833847865936912237649941643725489623138394201343720512000170602744108824214695710079432306499010955411660447625742290152044655280128.000000
DEBUG:root:epoch: 4; loss val: inf
DEBUG:root:epoch: 5; loss val: nan
DEBUG:root:epoch: 6; loss val: nan
DEBUG:root:epoch: 7; loss val: nan
DEBUG:root:epoch: 8; loss val: nan
DEBUG:root:epoch: 9; loss val: nan
INFO:root:debug log
INFO:root:debug log
INFO:root:debug log
DEBUG:root:matmul: tensor([[10.5890, 10.8637, 11.7914, 13.9958, 11.5950],
        [11.5734, 11.6577, 12.6748, 15.1060, 12.7494],
        [ 9.0866,  9.4732, 10.2393, 12.3768, 10.4029],
        [ 9.6570,  9.5118, 10.5421, 12.7680, 10.6858],
        [10.3291, 10.4387, 11.3033, 13.8307, 11.7805],
        [11.4628, 11.5692, 12.5989, 15.3560, 12.7904]], dtype=torch.float64,
       grad_fn=<MmBackward>)
DEBUG:root:epoch: 0; loss val: 1606.880553
DEBUG:root:matmul: tensor([[132.1626, 152.3495, 436.9264, 310.1243, 371.9498],
        [ 81.5291,  91.1452, 263.6323, 185.8462, 224.9718],
        [131.4292, 151.3420, 432.9356, 307.1227, 370.5883],
        [131.3673, 150.5972, 433.6941, 307.7145, 368.6075],
        [168.7063, 191.5838, 551.4967, 391.4269, 470.1052],
        [243.4094, 275.2066, 794.0319, 562.4049, 675.7050]],
       dtype=torch.float64, grad_fn=<MmBackward>)
DEBUG:root:epoch: 1; loss val: 3098507.849114
DEBUG:root:matmul: tensor([[5.2214e+06, 7.4966e+06, 4.3268e+07, 2.8877e+07, 3.5021e+07],
        [1.9249e+06, 2.7615e+06, 1.5940e+07, 1.0639e+07, 1.2907e+07],
        [4.5295e+06, 6.5029e+06, 3.7529e+07, 2.5052e+07, 3.0392e+07],
        [3.7492e+06, 5.3783e+06, 3.1059e+07, 2.0729e+07, 2.5137e+07],
        [8.0987e+06, 1.1615e+07, 6.7066e+07, 4.4764e+07, 5.4293e+07],
        [1.2291e+07, 1.7623e+07, 1.0177e+08, 6.7925e+07, 8.2385e+07]],
       dtype=torch.float64, grad_fn=<MmBackward>)
DEBUG:root:epoch: 2; loss val: 38037852436613232.000000
DEBUG:root:matmul: tensor([[1.4807e+21, 5.3104e+21, 5.3145e+22, 3.3231e+22, 4.1388e+22],
        [3.3647e+20, 1.2067e+21, 1.2077e+22, 7.5514e+21, 9.4052e+21],
        [1.1230e+21, 4.0277e+21, 4.0307e+22, 2.5204e+22, 3.1391e+22],
        [7.0985e+20, 2.5459e+21, 2.5479e+22, 1.5932e+22, 1.9842e+22],
        [2.8875e+21, 1.0356e+22, 1.0364e+23, 6.4806e+22, 8.0713e+22],
        [4.4442e+21, 1.5939e+22, 1.5951e+23, 9.9742e+22, 1.2422e+23]],
       dtype=torch.float64, grad_fn=<MmBackward>)
DEBUG:root:epoch: 3; loss val: 80130328252263335935925028129688782678913974272.000000
DEBUG:root:matmul: tensor([[4.8532e+65, 8.7367e+66, 1.3934e+68, 8.2167e+67, 1.0553e+68],
        [6.9301e+64, 1.2476e+66, 1.9896e+67, 1.1733e+67, 1.5069e+67],
        [3.1874e+65, 5.7378e+66, 9.1510e+67, 5.3963e+67, 6.9306e+67],
        [1.4451e+65, 2.6014e+66, 4.1489e+67, 2.4466e+67, 3.1422e+67],
        [1.1762e+66, 2.1174e+67, 3.3770e+68, 1.9914e+68, 2.5576e+68],
        [1.8194e+66, 3.2752e+67, 5.2234e+68, 3.0803e+68, 3.9560e+68]],
       dtype=torch.float64, grad_fn=<MmBackward>)
DEBUG:root:epoch: 4; loss val: 788227941449291640023130990443354740252860074913991625934065076174548408461313214667364404284225065275825447254538017062096201320564260864.000000
DEBUG:root:matmul: tensor([[9.0148e+200, 1.5026e+203, 3.6403e+204, 2.0532e+204, 2.7102e+204],
        [8.2125e+199, 1.3689e+202, 3.3163e+203, 1.8704e+203, 2.4690e+203],
        [5.0708e+200, 8.4521e+202, 2.0477e+204, 1.1549e+204, 1.5245e+204],
        [1.5716e+200, 2.6197e+202, 6.3466e+203, 3.5795e+203, 4.7250e+203],
        [2.6676e+201, 4.4465e+203, 1.0772e+205, 6.0756e+204, 8.0200e+204],
        [4.1347e+201, 6.8918e+203, 1.6697e+205, 9.4169e+204, 1.2431e+205]],
       dtype=torch.float64, grad_fn=<MmBackward>)
DEBUG:root:epoch: 5; loss val: inf
DEBUG:root:matmul: tensor([[nan, nan, nan, nan, nan],
        [nan, nan, nan, nan, nan],
        [nan, nan, nan, nan, nan],
        [nan, nan, nan, nan, nan],
        [nan, nan, nan, nan, nan],
        [nan, nan, nan, nan, nan]], dtype=torch.float64, grad_fn=<MmBackward>)
DEBUG:root:epoch: 6; loss val: nan
DEBUG:root:matmul: tensor([[nan, nan, nan, nan, nan],
        [nan, nan, nan, nan, nan],
        [nan, nan, nan, nan, nan],
        [nan, nan, nan, nan, nan],
        [nan, nan, nan, nan, nan],
        [nan, nan, nan, nan, nan]], dtype=torch.float64, grad_fn=<MmBackward>)
DEBUG:root:epoch: 7; loss val: nan
DEBUG:root:matmul: tensor([[nan, nan, nan, nan, nan],
        [nan, nan, nan, nan, nan],
        [nan, nan, nan, nan, nan],
        [nan, nan, nan, nan, nan],
        [nan, nan, nan, nan, nan],
        [nan, nan, nan, nan, nan]], dtype=torch.float64, grad_fn=<MmBackward>)
DEBUG:root:epoch: 8; loss val: nan
DEBUG:root:matmul: tensor([[nan, nan, nan, nan, nan],
        [nan, nan, nan, nan, nan],
        [nan, nan, nan, nan, nan],
        [nan, nan, nan, nan, nan],
        [nan, nan, nan, nan, nan],
        [nan, nan, nan, nan, nan]], dtype=torch.float64, grad_fn=<MmBackward>)
DEBUG:root:epoch: 9; loss val: nan
DEBUG:root:matmul: tensor([[10.5433, 11.0134, 13.0657, 11.2384, 11.6372],
        [10.8597, 11.7324, 14.1391, 12.0825, 12.6175],
        [10.0979, 10.6371, 12.8299, 10.7838, 11.2766],
        [10.6307, 11.5289, 13.7746, 11.7506, 12.4126],
        [ 9.4443, 10.1530, 12.2997, 10.3358, 10.9056],
        [10.8427, 11.6613, 14.1804, 12.4169, 12.8020]], dtype=torch.float64,
       grad_fn=<MmBackward>)
DEBUG:root:epoch: 0; loss val: 1669.603734
DEBUG:root:matmul: tensor([[2.3503, 2.5700, 0.2355, 1.8503, 0.7509],
        [3.2983, 3.8880, 0.4377, 2.9880, 1.3609],
        [2.2265, 2.6157, 0.3394, 1.7046, 0.6812],
        [2.6228, 3.4474, 0.4299, 2.1120, 0.8772],
        [1.7161, 2.2047, 0.2952, 1.2942, 0.4878],
        [0.7536, 0.8425, 0.0251, 0.9672, 0.3101]], dtype=torch.float64,
       grad_fn=<MmBackward>)
DEBUG:root:epoch: 1; loss val: 64.733253
DEBUG:root:matmul: tensor([[2.5887, 2.6494, 0.5507, 2.2094, 0.8332],
        [3.3281, 3.6397, 0.8878, 3.2703, 1.3711],
        [2.3961, 2.6071, 0.6556, 2.0481, 0.7465],
        [3.0280, 3.6067, 0.8436, 2.7155, 1.0137],
        [2.0599, 2.3952, 0.5825, 1.7832, 0.6166],
        [1.1795, 1.2312, 0.2646, 1.4604, 0.4777]], dtype=torch.float64,
       grad_fn=<MmBackward>)
DEBUG:root:epoch: 2; loss val: 46.338145
DEBUG:root:matmul: tensor([[2.8097, 2.7372, 0.8459, 2.5594, 0.9069],
        [3.3516, 3.4636, 1.2530, 3.5193, 1.3768],
        [2.5298, 2.6013, 0.9337, 2.3509, 0.7956],
        [3.3494, 3.7210, 1.2225, 3.2331, 1.1137],
        [2.3871, 2.5857, 0.8751, 2.2613, 0.7335],
        [1.5831, 1.5726, 0.5436, 1.9634, 0.6304]], dtype=torch.float64,
       grad_fn=<MmBackward>)
DEBUG:root:epoch: 3; loss val: 32.970118
DEBUG:root:matmul: tensor([[3.0034, 2.8201, 1.1115, 2.8789, 0.9669],
        [3.3613, 3.3279, 1.5443, 3.7214, 1.3736],
        [2.6207, 2.5846, 1.1659, 2.5955, 0.8252],
        [3.5830, 3.7863, 1.5430, 3.6395, 1.1749],
        [2.6810, 2.7590, 1.1550, 2.7015, 0.8316],
        [1.9430, 1.8594, 0.8306, 2.4395, 0.7599]], dtype=torch.float64,
       grad_fn=<MmBackward>)
DEBUG:root:epoch: 4; loss val: 23.905656
DEBUG:root:matmul: tensor([[3.1661, 2.8906, 1.3382, 3.1533, 1.0112],
        [3.3565, 3.2150, 1.7681, 3.8718, 1.3605],
        [2.6704, 2.5521, 1.3469, 2.7745, 0.8358],
        [3.7381, 3.8073, 1.7907, 3.9280, 1.2007],
        [2.9312, 2.9039, 1.4034, 3.0808, 0.9068],
        [2.2455, 2.0876, 1.0970, 2.8568, 0.8612]], dtype=torch.float64,
       grad_fn=<MmBackward>)
DEBUG:root:epoch: 5; loss val: 18.168463
DEBUG:root:matmul: tensor([[3.2994, 2.9460, 1.5216, 3.3777, 1.0406],
        [3.3404, 3.1156, 1.9326, 3.9746, 1.3396],
        [2.6866, 2.5051, 1.4775, 2.8924, 0.8310],
        [3.8325, 3.7944, 1.9648, 4.1108, 1.1994],
        [3.1360, 3.0163, 1.6077, 3.3888, 0.9594],
        [2.4876, 2.2592, 1.3236, 3.1989, 0.9340]], dtype=torch.float64,
       grad_fn=<MmBackward>)
DEBUG:root:epoch: 6; loss val: 14.705886
DEBUG:root:matmul: tensor([[3.4075, 2.9871, 1.6629, 3.5553, 1.0579],
        [3.3174, 3.0261, 2.0482, 4.0394, 1.3142],
        [2.6794, 2.4483, 1.5646, 2.9616, 0.8160],
        [3.8858, 3.7598, 2.0746, 4.2112, 1.1805],
        [3.2999, 3.0985, 1.7647, 3.6279, 0.9928],
        [2.6752, 2.3819, 1.5034, 3.4653, 0.9824]], dtype=torch.float64,
       grad_fn=<MmBackward>)
DEBUG:root:epoch: 7; loss val: 12.638493
DEBUG:root:matmul: tensor([[3.4957, 3.0163, 1.7676, 3.6937, 1.0667],
        [3.2911, 2.9451, 2.1266, 4.0773, 1.2872],
        [2.6581, 2.3872, 1.6185, 2.9967, 0.7959],
        [3.9145, 3.7143, 2.1343, 4.2541, 1.1526],
        [3.4307, 3.1559, 1.8784, 3.8084, 1.0121],
        [2.8180, 2.4661, 1.6386, 3.6658, 1.0122]], dtype=torch.float64,
       grad_fn=<MmBackward>)
DEBUG:root:epoch: 8; loss val: 11.363489
DEBUG:root:matmul: tensor([[3.5684, 3.0365, 1.8428, 3.8015, 1.0699],
        [3.2642, 2.8722, 2.1784, 4.0983, 1.2610],
        [2.6296, 2.3258, 1.6489, 3.0108, 0.7741],
        [3.9306, 3.6659, 2.1583, 4.2607, 1.1215],
        [3.5363, 3.1950, 1.9563, 3.9434, 1.0220],
        [2.9265, 2.5222, 1.7362, 3.8144, 1.0290]], dtype=torch.float64,
       grad_fn=<MmBackward>)
DEBUG:root:epoch: 9; loss val: 10.521138
